<!DOCTYPE html>
<html>
<head>
    <title>Unittest Results</title>
    <meta charset="utf-8">
    <meta name="viewport" content="width=device-width, initial-scale=1.0">
    <link rel="stylesheet" href="https://maxcdn.bootstrapcdn.com/bootstrap/3.3.6/css/bootstrap.min.css" integrity="sha384-1q8mTJOASx8j1Au+a5WDVnPi2lkFfwwEAa8hDDdjZlpLegxhjVME1fgjWPGmkzs7" crossorigin="anonymous">
</head>
<body>
    <div class="container">
        <div class="row">
            <div class="col-xs-12">
                <h2 class="text-capitalize">Unittest Results</h2>
                <p class='attribute'><strong>Start Time: </strong>2024-01-26 00:43:01</p>
                <p class='attribute'><strong>Duration: </strong>12.57 s</p>
                <p class='attribute'><strong>Summary: </strong>Total: 2, Pass: 1, Error: 1</p>
            </div>
        </div>
        <div class="row">
            <div class="col-xs-12 col-sm-10 col-md-10">
                <table class='table table-hover table-responsive'>
                    <thead>
                        <tr>
                            <th>__main__.GoogleSearch</th>
                            <th>Status</th>
                            <th></th>
                        </tr>
                    </thead>
                    <tbody>
                        <tr class='success'>
                            <td class="col-xs-10">test_search_automation</td>
                            <td class="col-xs-1">
                                <span class="label label-success" style="display:block;width:40px;">Pass</span>
                            </td>
                            <td class="col-xs-1">
                            </td>
                        </tr>
                        <tr class='warning'>
                            <td class="col-xs-10">test_search_sudip</td>
                            <td class="col-xs-1">
                                <span class="label label-warning" style="display:block;width:40px;">Error</span>
                            </td>
                            <td class="col-xs-1">
                                <button class="btn btn-default btn-xs">View</button>
                            </td>
                        </tr>
                        <tr style="display:none;">
                            <td class="col-xs-9" colspan="3"><p style="color:maroon;">NoSuchElementException: Message: no such element: Unable to locate element: {"method":"css selector","selector":"[name="btnk"]"}
  (Session info: chrome=120.0.6099.225); For documentation on this error, please visit: https://www.selenium.dev/documentation/webdriver/troubleshooting/errors#no-such-element-exception
Stacktrace:
	GetHandleVerifier [0x00007FF6486B2142+3514994]
	(No symbol) [0x00007FF6482D0CE2]
	(No symbol) [0x00007FF6481776AA]
	(No symbol) [0x00007FF6481C1860]
	(No symbol) [0x00007FF6481C197C]
	(No symbol) [0x00007FF648204EE7]
	(No symbol) [0x00007FF6481E602F]
	(No symbol) [0x00007FF6482028F6]
	(No symbol) [0x00007FF6481E5D93]
	(No symbol) [0x00007FF6481B4BDC]
	(No symbol) [0x00007FF6481B5C64]
	GetHandleVerifier [0x00007FF6486DE16B+3695259]
	GetHandleVerifier [0x00007FF648736737+4057191]
	GetHandleVerifier [0x00007FF64872E4E3+4023827]
	GetHandleVerifier [0x00007FF6484004F9+689705]
	(No symbol) [0x00007FF6482DC048]
	(No symbol) [0x00007FF6482D8044]
	(No symbol) [0x00007FF6482D81C9]
	(No symbol) [0x00007FF6482C88C4]
	BaseThreadInitThunk [0x00007FFA2DAC7344+20]
	RtlUserThreadStart [0x00007FFA2E6A26B1+33]
</p><p style="color:maroon;">Traceback (most recent call last):
  File "C:\Users\SUDIPTO\PycharmProjects\bot project\project1\GoogleSearchTest.py", line 18, in test_search_sudip
    self.driver.find_element(By.NAME, "btnk").click()
    ^^^^^^^^^^^^^^^^^^^^^^^^^^^^^^^^^^^^^^^^^
  File "C:\Users\SUDIPTO\AppData\Local\Programs\Python\Python312\Lib\site-packages\selenium\webdriver\remote\webdriver.py", line 742, in find_element
    return self.execute(Command.FIND_ELEMENT, {"using": by, "value": value})["value"]
           ^^^^^^^^^^^^^^^^^^^^^^^^^^^^^^^^^^^^^^^^^^^^^^^^^^^^^^^^^^^^^^^^^
  File "C:\Users\SUDIPTO\AppData\Local\Programs\Python\Python312\Lib\site-packages\selenium\webdriver\remote\webdriver.py", line 348, in execute
    self.error_handler.check_response(response)
  File "C:\Users\SUDIPTO\AppData\Local\Programs\Python\Python312\Lib\site-packages\selenium\webdriver\remote\errorhandler.py", line 229, in check_response
    raise exception_class(message, screen, stacktrace)
selenium.common.exceptions.NoSuchElementException: Message: no such element: Unable to locate element: {"method":"css selector","selector":"[name="btnk"]"}
  (Session info: chrome=120.0.6099.225); For documentation on this error, please visit: https://www.selenium.dev/documentation/webdriver/troubleshooting/errors#no-such-element-exception
Stacktrace:
	GetHandleVerifier [0x00007FF6486B2142+3514994]
	(No symbol) [0x00007FF6482D0CE2]
	(No symbol) [0x00007FF6481776AA]
	(No symbol) [0x00007FF6481C1860]
	(No symbol) [0x00007FF6481C197C]
	(No symbol) [0x00007FF648204EE7]
	(No symbol) [0x00007FF6481E602F]
	(No symbol) [0x00007FF6482028F6]
	(No symbol) [0x00007FF6481E5D93]
	(No symbol) [0x00007FF6481B4BDC]
	(No symbol) [0x00007FF6481B5C64]
	GetHandleVerifier [0x00007FF6486DE16B+3695259]
	GetHandleVerifier [0x00007FF648736737+4057191]
	GetHandleVerifier [0x00007FF64872E4E3+4023827]
	GetHandleVerifier [0x00007FF6484004F9+689705]
	(No symbol) [0x00007FF6482DC048]
	(No symbol) [0x00007FF6482D8044]
	(No symbol) [0x00007FF6482D81C9]
	(No symbol) [0x00007FF6482C88C4]
	BaseThreadInitThunk [0x00007FFA2DAC7344+20]
	RtlUserThreadStart [0x00007FFA2E6A26B1+33]

</p>
                            </td>
                        </tr>
                        <tr>
                            <td colspan="3">
                                Total: 2, Pass: 1, Error: 1 -- Duration: 12.57 s
                            </td>
                        </tr>
                    </tbody>
                </table>
            </div>
        </div>
    </div>
    <script src="https://ajax.googleapis.com/ajax/libs/jquery/2.2.4/jquery.min.js"></script>
    <script type="text/javascript">
        $(document).ready(function(){
            $('td').on('click', '.btn', function(e){
                e.preventDefault();
                e.stopImmediatePropagation();
                var $this = $(this);
                var $nextRow = $this.closest('tr').next('tr');
                $nextRow.slideToggle("fast");
                $this.text(function(i, text){
                    if (text === 'View') {
                        return 'Hide';
                    } else {
                        return 'View';
                    };
                });
            });
        });
    </script>
</body>
</html